<?xml version="1.0" encoding="UTF-8"?>
<!-- Generated by org.testng.reporters.JUnitReportReporter -->
<testsuite hostname="WDSCXUYENNT6" failures="0" tests="3" name="javaBasic.xuyentest" time="0.115" errors="0" timestamp="31 Mar 2023 07:13:13 GMT" skipped="0">
  <testcase classname="javaBasic.xuyentest" name="TC_03_Form" time="0.041"/>
  <testcase classname="javaBasic.xuyentest" name="TC_02_Logo" time="0.065"/>
  <testcase classname="javaBasic.xuyentest" name="TC_01_Url" time="0.009"/>
</testsuite> <!-- javaBasic.xuyentest -->
