<?xml version="1.0" encoding="UTF-8"?>
<!-- Generated by org.testng.reporters.JUnitReportReporter -->
<testsuite hostname="WDSCXUYENNT6" failures="0" tests="3" name="javaBasic.xuyentest" time="0.098" errors="0" timestamp="03 Apr 2023 07:18:44 GMT" skipped="0">
  <testcase classname="javaBasic.xuyentest" name="TC_03_Form" time="0.041"/>
  <testcase classname="javaBasic.xuyentest" name="TC_02_Logo" time="0.051"/>
  <testcase classname="javaBasic.xuyentest" name="TC_01_Url" time="0.006"/>
</testsuite> <!-- javaBasic.xuyentest -->
