<?xml version="1.0" encoding="UTF-8"?>
<!-- Generated by org.testng.reporters.JUnitReportReporter -->
<testsuite hostname="Xuyens-Air" failures="0" tests="2" name="com.nopcommerce.user.User_01_Register_Login_New" time="0.007" errors="0" timestamp="04 Mar 2023 14:36:30 GMT" skipped="0">
  <testcase classname="com.nopcommerce.user.User_01_Register_Login_New" name="TC_01" time="0.006"/>
  <testcase classname="com.nopcommerce.user.User_01_Register_Login_New" name="TC_02" time="0.001"/>
</testsuite> <!-- com.nopcommerce.user.User_01_Register_Login_New -->
