<?xml version="1.0" encoding="UTF-8"?>
<!-- Generated by org.testng.reporters.JUnitReportReporter -->
<testsuite hostname="Xuyens-Air" failures="0" tests="6" name="com.nopcommerce.user.User_01_Register" time="4.189" errors="0" timestamp="21 Mar 2023 14:32:12 GMT" skipped="0">
  <testcase classname="com.nopcommerce.user.User_01_Register" name="TC_04_Register_Existing_Email" time="0.001"/>
  <testcase classname="com.nopcommerce.user.User_01_Register" name="TC_05_Register_Password_Less_Than_6_Chars" time="0.001"/>
  <testcase classname="com.nopcommerce.user.User_01_Register" name="TC_03_Register_Success" time="2.312"/>
  <testcase classname="com.nopcommerce.user.User_01_Register" name="TC_06_Register_Invalid_Confirm_Password" time="0.001"/>
  <testcase classname="com.nopcommerce.user.User_01_Register" name="TC_01_Register_Empty_Data" time="0.939"/>
  <testcase classname="com.nopcommerce.user.User_01_Register" name="TC_02_Register_Invalid_Email" time="0.935"/>
</testsuite> <!-- com.nopcommerce.user.User_01_Register -->
